2024-10-29 07:58:40,522+0700 INFO  miktex - this is One MiKTeX Utility 1.9 (MiKTeX 24.1 Portable)
2024-10-29 07:58:40,523+0700 INFO  miktex - this process (6376) started by miktex-portable in directory C:\Users\WINDOWS 10 PRO\Downloads with command line: miktex --disable-installer --verbose fndb remove
2024-10-29 07:58:40,523+0700 INFO  miktex - Removing "D:\UNAIR\UNAIR SEMESTER 5\Pembangunan Perangkat Lunak PRAK\Project\git_thesis\miktex_portable\texmfs\config\miktex\data\le\texmf.fndb-5"...
2024-10-29 07:58:40,523+0700 ERROR miktex.core - The system cannot find the path specified.

2024-10-29 07:58:40,524+0700 ERROR miktex.core - Function: GetFileAttributesW
2024-10-29 07:58:40,524+0700 ERROR miktex.core - Result: 3
2024-10-29 07:58:40,524+0700 ERROR miktex.core - Data: path="D:\UNAIR\UNAIR SEMESTER 5\Pembangunan Perangkat Lunak PRAK\Project\git_thesis\miktex_portable\texmfs/config\miktex/data/le\texmf.fndb-5"
2024-10-29 07:58:40,524+0700 ERROR miktex.core - Source: Libraries\MiKTeX\Core\File\win\winFile.cpp:132
2024-10-29 07:58:40,529+0700 FATAL miktex - Windows API error 3: The system cannot find the path specified.

2024-10-29 07:58:40,529+0700 FATAL miktex - Info: path="D:\UNAIR\UNAIR SEMESTER 5\Pembangunan Perangkat Lunak PRAK\Project\git_thesis\miktex_portable\texmfs/config\miktex/data/le\texmf.fndb-5"
2024-10-29 07:58:40,529+0700 FATAL miktex - Source: Libraries\MiKTeX\Core\File\win\winFile.cpp
2024-10-29 07:58:40,529+0700 FATAL miktex - Line: 132
2024-10-29 07:58:40,530+0700 INFO  miktex - this process (6376) finishes with exit code 1
2024-10-29 07:58:41,245+0700 INFO  miktex - this is One MiKTeX Utility 1.9 (MiKTeX 24.1 Portable)
2024-10-29 07:58:41,246+0700 INFO  miktex - this process (12216) started by miktex-portable in directory C:\Users\WINDOWS 10 PRO\Downloads with command line: miktex --disable-installer --verbose fndb refresh
2024-10-29 07:58:41,246+0700 INFO  miktex - Creating FNDB for common root directory ("D:\UNAIR\UNAIR SEMESTER 5\Pembangunan Perangkat Lunak PRAK\Project\git_thesis\miktex_portable\texmfs\config")...
2024-10-29 07:58:41,266+0700 INFO  miktex - Creating FNDB for common root directory ("D:\UNAIR\UNAIR SEMESTER 5\Pembangunan Perangkat Lunak PRAK\Project\git_thesis\miktex_portable\texmfs\data")...
2024-10-29 07:58:41,277+0700 INFO  miktex - Creating FNDB for common root directory ("D:\UNAIR\UNAIR SEMESTER 5\Pembangunan Perangkat Lunak PRAK\Project\git_thesis\miktex_portable\texmfs\install")...
2024-10-29 07:58:44,020+0700 WARN  miktex.packagemanager - dependency problem: showframe is required by _miktex-latex-packages
2024-10-29 07:58:44,020+0700 WARN  miktex.packagemanager - dependency problem: thailatex is required by _miktex-latex-packages
2024-10-29 07:58:44,021+0700 WARN  miktex.packagemanager - dependency problem: luxi is required by _miktex-fonts-type1
2024-10-29 07:58:44,118+0700 INFO  miktex - Refreshing FNDB for MPM...
2024-10-29 07:58:47,421+0700 INFO  miktex - this process (12216) finishes with exit code 0
2024-10-29 07:58:47,736+0700 INFO  miktex - this is One MiKTeX Utility 1.9 (MiKTeX 24.1 Portable)
2024-10-29 07:58:47,736+0700 INFO  miktex - this process (14776) started by miktex-portable in directory C:\Users\WINDOWS 10 PRO\Downloads with command line: miktex --disable-installer --verbose links install --force
2024-10-29 07:58:47,736+0700 INFO  miktex - Installing links in target directory "D:\UNAIR\UNAIR SEMESTER 5\Pembangunan Perangkat Lunak PRAK\Project\git_thesis\miktex_portable\texmfs\install\miktex\bin\x64"...
2024-10-29 07:58:49,384+0700 INFO  miktex - this process (14776) finishes with exit code 0
2024-10-29 07:58:49,710+0700 INFO  miktex - this is One MiKTeX Utility 1.9 (MiKTeX 24.1 Portable)
2024-10-29 07:58:49,710+0700 INFO  miktex - this process (7344) started by miktex-portable in directory C:\Users\WINDOWS 10 PRO\Downloads with command line: miktex --disable-installer --verbose fontmaps configure
2024-10-29 07:58:49,711+0700 INFO  miktex - Parsing configuration file "D:\UNAIR\UNAIR SEMESTER 5\Pembangunan Perangkat Lunak PRAK\Project\git_thesis\miktex_portable\texmfs\install\miktex/config\updmap.cfg"...
2024-10-29 07:58:49,955+0700 INFO  miktex - Writing "D:\UNAIR\UNAIR SEMESTER 5\Pembangunan Perangkat Lunak PRAK\Project\git_thesis\miktex_portable\texmfs/data\fonts\map\dvipdfmx\kanjix.map"...
2024-10-29 07:58:49,959+0700 INFO  miktex - Writing "D:\UNAIR\UNAIR SEMESTER 5\Pembangunan Perangkat Lunak PRAK\Project\git_thesis\miktex_portable\texmfs/data\fonts\map\dvips\builtin35.map"...
2024-10-29 07:58:49,966+0700 INFO  miktex - Writing "D:\UNAIR\UNAIR SEMESTER 5\Pembangunan Perangkat Lunak PRAK\Project\git_thesis\miktex_portable\texmfs/data\fonts\map\dvips\download35.map"...
2024-10-29 07:58:49,975+0700 INFO  miktex - Writing "D:\UNAIR\UNAIR SEMESTER 5\Pembangunan Perangkat Lunak PRAK\Project\git_thesis\miktex_portable\texmfs/data\fonts\map\dvips\ps2pk.map"...
2024-10-29 07:58:49,988+0700 INFO  miktex - Writing "D:\UNAIR\UNAIR SEMESTER 5\Pembangunan Perangkat Lunak PRAK\Project\git_thesis\miktex_portable\texmfs/data\fonts\map\dvips\psfonts_pk.map"...
2024-10-29 07:58:50,001+0700 INFO  miktex - Writing "D:\UNAIR\UNAIR SEMESTER 5\Pembangunan Perangkat Lunak PRAK\Project\git_thesis\miktex_portable\texmfs/data\fonts\map\dvips\psfonts_t1.map"...
2024-10-29 07:58:50,016+0700 INFO  miktex - Writing "D:\UNAIR\UNAIR SEMESTER 5\Pembangunan Perangkat Lunak PRAK\Project\git_thesis\miktex_portable\texmfs/data\fonts\map\pdftex\pdftex_dl14.map"...
2024-10-29 07:58:50,031+0700 INFO  miktex - Writing "D:\UNAIR\UNAIR SEMESTER 5\Pembangunan Perangkat Lunak PRAK\Project\git_thesis\miktex_portable\texmfs/data\fonts\map\pdftex\pdftex_ndl14.map"...
2024-10-29 07:58:50,045+0700 INFO  miktex - Copying "D:\UNAIR\UNAIR SEMESTER 5\Pembangunan Perangkat Lunak PRAK\Project\git_thesis\miktex_portable\texmfs/data\fonts\map\dvips\psfonts_t1.map"
2024-10-29 07:58:50,045+0700 INFO  miktex -      to "D:\UNAIR\UNAIR SEMESTER 5\Pembangunan Perangkat Lunak PRAK\Project\git_thesis\miktex_portable\texmfs/data\fonts\map\dvips\psfonts.map"...
2024-10-29 07:58:50,052+0700 INFO  miktex - Copying "D:\UNAIR\UNAIR SEMESTER 5\Pembangunan Perangkat Lunak PRAK\Project\git_thesis\miktex_portable\texmfs/data\fonts\map\pdftex\pdftex_dl14.map"
2024-10-29 07:58:50,052+0700 INFO  miktex -      to "D:\UNAIR\UNAIR SEMESTER 5\Pembangunan Perangkat Lunak PRAK\Project\git_thesis\miktex_portable\texmfs/data\fonts\map\pdftex\pdftex.map"...
2024-10-29 07:58:50,068+0700 INFO  miktex - running: miktex-fc-cache --verbose --miktex-disable-maintenance --miktex-disable-diagnose
2024-10-29 07:58:50,068+0700 INFO  miktex.core - start process: miktex-fc-cache --verbose --miktex-disable-maintenance --miktex-disable-diagnose
2024-10-29 07:58:56,646+0700 INFO  miktex - C:/Users/WINDOWS 10 PRO/AppData/Local/Microsoft/Windows/Fonts: skipping, existing cache is valid: 10 fonts, 0 dirs
2024-10-29 07:58:56,649+0700 INFO  miktex - C:/WINDOWS/Fonts: skipping, existing cache is valid: 1024 fonts, 0 dirs
2024-10-29 07:58:56,650+0700 INFO  miktex - D:/UNAIR/UNAIR SEMESTER 5/Pembangunan Perangkat Lunak PRAK/Project/git_thesis/miktex_portable/texmfs/install/fonts/opentype: skipping, existing cache is valid: 0 fonts, 1 dirs
2024-10-29 07:58:56,651+0700 INFO  miktex - D:/UNAIR/UNAIR SEMESTER 5/Pembangunan Perangkat Lunak PRAK/Project/git_thesis/miktex_portable/texmfs/install/fonts/opentype/public: skipping, existing cache is valid: 0 fonts, 1 dirs
2024-10-29 07:58:56,656+0700 INFO  miktex - D:/UNAIR/UNAIR SEMESTER 5/Pembangunan Perangkat Lunak PRAK/Project/git_thesis/miktex_portable/texmfs/install/fonts/opentype/public/lm: skipping, existing cache is valid: 72 fonts, 0 dirs
2024-10-29 07:58:56,656+0700 INFO  miktex - C:/Users/WINDOWS 10 PRO/.local/share/fonts: skipping, no such directory
2024-10-29 07:58:56,657+0700 INFO  miktex - C:/Users/WINDOWS 10 PRO/.fonts: skipping, no such directory
2024-10-29 07:58:56,657+0700 INFO  miktex - D:/UNAIR/UNAIR SEMESTER 5/Pembangunan Perangkat Lunak PRAK/Project/git_thesis/miktex_portable/texmfs/install/fonts/opentype/public: skipping, looped directory detected
2024-10-29 07:58:56,754+0700 INFO  miktex - D:/UNAIR/UNAIR SEMESTER 5/Pembangunan Perangkat Lunak PRAK/Project/git_thesis/miktex_portable/texmfs/install/fonts/opentype/public/lm: skipping, looped directory detected
2024-10-29 07:58:56,754+0700 INFO  miktex - D:/UNAIR/UNAIR SEMESTER 5/Pembangunan Perangkat Lunak PRAK/Project/git_thesis/miktex_portable/texmfs/data/fontconfig/cache: cleaning cache directory
2024-10-29 07:58:56,754+0700 INFO  miktex - C:/Users/WINDOWS 10 PRO/.cache/fontconfig: not cleaning non-existent cache directory
2024-10-29 07:58:56,755+0700 INFO  miktex - C:/Users/WINDOWS 10 PRO/.fontconfig: not cleaning non-existent cache directory
2024-10-29 07:58:56,756+0700 INFO  miktex - miktex-fc-cache: succeeded
2024-10-29 07:58:56,761+0700 WARN  miktex.core - still open: "D:\UNAIR\UNAIR SEMESTER 5\Pembangunan Perangkat Lunak PRAK\Project\git_thesis\miktex_portable\texmfs\install\fontconfig/config\fonts.conf.in"
2024-10-29 07:58:56,761+0700 WARN  miktex.core - still open: "D:\UNAIR\UNAIR SEMESTER 5\Pembangunan Perangkat Lunak PRAK\Project\git_thesis\miktex_portable\texmfs/config\fontconfig\config\fonts.conf"
2024-10-29 07:58:56,761+0700 INFO  miktex - this process (7344) finishes with exit code 0
2024-10-29 07:58:57,117+0700 INFO  miktex - this is One MiKTeX Utility 1.9 (MiKTeX 24.1 Portable)
2024-10-29 07:58:57,118+0700 INFO  miktex - this process (9924) started by miktex-portable in directory C:\Users\WINDOWS 10 PRO\Downloads with command line: miktex --disable-installer --verbose languages configure
2024-10-29 07:58:57,118+0700 INFO  miktex - Creating language.dat, language.dat.lua and language.def...
2024-10-29 07:58:57,232+0700 INFO  miktex - this process (9924) finishes with exit code 0
2024-10-29 07:58:58,427+0700 INFO  miktex - this is One MiKTeX Utility 1.9 (MiKTeX 24.1 Portable)
2024-10-29 07:58:58,427+0700 INFO  miktex - this process (1432) started by miktex-portable in directory C:\Users\WINDOWS 10 PRO\Downloads with command line: miktex --disable-installer --verbose fndb refresh
2024-10-29 07:58:58,490+0700 INFO  miktex - Creating FNDB for common root directory ("D:\UNAIR\UNAIR SEMESTER 5\Pembangunan Perangkat Lunak PRAK\Project\git_thesis\miktex_portable\texmfs\config")...
2024-10-29 07:58:58,517+0700 INFO  miktex - Creating FNDB for common root directory ("D:\UNAIR\UNAIR SEMESTER 5\Pembangunan Perangkat Lunak PRAK\Project\git_thesis\miktex_portable\texmfs\data")...
2024-10-29 07:58:58,536+0700 INFO  miktex - Creating FNDB for common root directory ("D:\UNAIR\UNAIR SEMESTER 5\Pembangunan Perangkat Lunak PRAK\Project\git_thesis\miktex_portable\texmfs\install")...
2024-10-29 07:59:01,459+0700 WARN  miktex.packagemanager - dependency problem: showframe is required by _miktex-latex-packages
2024-10-29 07:59:01,459+0700 WARN  miktex.packagemanager - dependency problem: thailatex is required by _miktex-latex-packages
2024-10-29 07:59:01,461+0700 WARN  miktex.packagemanager - dependency problem: luxi is required by _miktex-fonts-type1
2024-10-29 07:59:01,530+0700 INFO  miktex - Refreshing FNDB for MPM...
2024-10-29 07:59:04,964+0700 INFO  miktex - this process (1432) finishes with exit code 0
2024-10-29 08:01:09,413+0700 INFO  miktex - this is One MiKTeX Utility 1.9 (MiKTeX 24.1 Portable)
2024-10-29 08:01:09,414+0700 INFO  miktex - this process (15308) started by miktex-console in directory D:\UNAIR\UNAIR SEMESTER 5\Pembangunan Perangkat Lunak PRAK\Project\git_thesis\miktex_portable with command line: miktex fontmaps configure
2024-10-29 08:01:09,414+0700 INFO  miktex - Parsing configuration file "D:\UNAIR\UNAIR SEMESTER 5\Pembangunan Perangkat Lunak PRAK\Project\git_thesis\miktex_portable\texmfs\install\miktex/config\updmap.cfg"...
2024-10-29 08:01:09,588+0700 INFO  miktex - Writing "D:\UNAIR\UNAIR SEMESTER 5\Pembangunan Perangkat Lunak PRAK\Project\git_thesis\miktex_portable\texmfs/data\fonts\map\dvipdfmx\kanjix.map"...
2024-10-29 08:01:09,589+0700 INFO  miktex - Writing "D:\UNAIR\UNAIR SEMESTER 5\Pembangunan Perangkat Lunak PRAK\Project\git_thesis\miktex_portable\texmfs/data\fonts\map\dvips\builtin35.map"...
2024-10-29 08:01:09,592+0700 INFO  miktex - Writing "D:\UNAIR\UNAIR SEMESTER 5\Pembangunan Perangkat Lunak PRAK\Project\git_thesis\miktex_portable\texmfs/data\fonts\map\dvips\download35.map"...
2024-10-29 08:01:09,595+0700 INFO  miktex - Writing "D:\UNAIR\UNAIR SEMESTER 5\Pembangunan Perangkat Lunak PRAK\Project\git_thesis\miktex_portable\texmfs/data\fonts\map\dvips\ps2pk.map"...
2024-10-29 08:01:09,610+0700 INFO  miktex - Writing "D:\UNAIR\UNAIR SEMESTER 5\Pembangunan Perangkat Lunak PRAK\Project\git_thesis\miktex_portable\texmfs/data\fonts\map\dvips\psfonts_pk.map"...
2024-10-29 08:01:09,621+0700 INFO  miktex - Writing "D:\UNAIR\UNAIR SEMESTER 5\Pembangunan Perangkat Lunak PRAK\Project\git_thesis\miktex_portable\texmfs/data\fonts\map\dvips\psfonts_t1.map"...
2024-10-29 08:01:09,631+0700 INFO  miktex - Writing "D:\UNAIR\UNAIR SEMESTER 5\Pembangunan Perangkat Lunak PRAK\Project\git_thesis\miktex_portable\texmfs/data\fonts\map\pdftex\pdftex_dl14.map"...
2024-10-29 08:01:09,644+0700 INFO  miktex - Writing "D:\UNAIR\UNAIR SEMESTER 5\Pembangunan Perangkat Lunak PRAK\Project\git_thesis\miktex_portable\texmfs/data\fonts\map\pdftex\pdftex_ndl14.map"...
2024-10-29 08:01:09,657+0700 INFO  miktex - Copying "D:\UNAIR\UNAIR SEMESTER 5\Pembangunan Perangkat Lunak PRAK\Project\git_thesis\miktex_portable\texmfs/data\fonts\map\dvips\psfonts_t1.map"
2024-10-29 08:01:09,657+0700 INFO  miktex -      to "D:\UNAIR\UNAIR SEMESTER 5\Pembangunan Perangkat Lunak PRAK\Project\git_thesis\miktex_portable\texmfs/data\fonts\map\dvips\psfonts.map"...
2024-10-29 08:01:09,659+0700 INFO  miktex - Copying "D:\UNAIR\UNAIR SEMESTER 5\Pembangunan Perangkat Lunak PRAK\Project\git_thesis\miktex_portable\texmfs/data\fonts\map\pdftex\pdftex_dl14.map"
2024-10-29 08:01:09,659+0700 INFO  miktex -      to "D:\UNAIR\UNAIR SEMESTER 5\Pembangunan Perangkat Lunak PRAK\Project\git_thesis\miktex_portable\texmfs/data\fonts\map\pdftex\pdftex.map"...
2024-10-29 08:01:09,670+0700 INFO  miktex - running: miktex-fc-cache --miktex-disable-maintenance --miktex-disable-diagnose
2024-10-29 08:01:09,670+0700 INFO  miktex.core - start process: miktex-fc-cache --miktex-disable-maintenance --miktex-disable-diagnose
2024-10-29 08:01:10,240+0700 WARN  miktex.core - still open: "D:\UNAIR\UNAIR SEMESTER 5\Pembangunan Perangkat Lunak PRAK\Project\git_thesis\miktex_portable\texmfs\install\fontconfig/config\fonts.conf.in"
2024-10-29 08:01:10,240+0700 WARN  miktex.core - still open: "D:\UNAIR\UNAIR SEMESTER 5\Pembangunan Perangkat Lunak PRAK\Project\git_thesis\miktex_portable\texmfs/config\fontconfig\config\fonts.conf"
2024-10-29 08:01:10,241+0700 INFO  miktex - this process (15308) finishes with exit code 0
2024-10-29 08:04:14,161+0700 INFO  miktex - this is One MiKTeX Utility 1.10 (MiKTeX 24.4 Portable)
2024-10-29 08:04:14,161+0700 INFO  miktex - this process (5376) started by miktex-console in directory D:\UNAIR\UNAIR SEMESTER 5\Pembangunan Perangkat Lunak PRAK\Project\git_thesis\miktex_portable with command line: miktex fontmaps configure
2024-10-29 08:04:14,162+0700 INFO  miktex - Parsing configuration file "D:\UNAIR\UNAIR SEMESTER 5\Pembangunan Perangkat Lunak PRAK\Project\git_thesis\miktex_portable\texmfs\install\miktex/config\updmap.cfg"...
2024-10-29 08:04:14,327+0700 INFO  miktex - Writing "D:\UNAIR\UNAIR SEMESTER 5\Pembangunan Perangkat Lunak PRAK\Project\git_thesis\miktex_portable\texmfs/data\fonts\map\dvipdfmx\kanjix.map"...
2024-10-29 08:04:14,328+0700 INFO  miktex - Writing "D:\UNAIR\UNAIR SEMESTER 5\Pembangunan Perangkat Lunak PRAK\Project\git_thesis\miktex_portable\texmfs/data\fonts\map\dvips\builtin35.map"...
2024-10-29 08:04:14,331+0700 INFO  miktex - Writing "D:\UNAIR\UNAIR SEMESTER 5\Pembangunan Perangkat Lunak PRAK\Project\git_thesis\miktex_portable\texmfs/data\fonts\map\dvips\download35.map"...
2024-10-29 08:04:14,334+0700 INFO  miktex - Writing "D:\UNAIR\UNAIR SEMESTER 5\Pembangunan Perangkat Lunak PRAK\Project\git_thesis\miktex_portable\texmfs/data\fonts\map\dvips\ps2pk.map"...
2024-10-29 08:04:14,344+0700 INFO  miktex - Writing "D:\UNAIR\UNAIR SEMESTER 5\Pembangunan Perangkat Lunak PRAK\Project\git_thesis\miktex_portable\texmfs/data\fonts\map\dvips\psfonts_pk.map"...
2024-10-29 08:04:14,352+0700 INFO  miktex - Writing "D:\UNAIR\UNAIR SEMESTER 5\Pembangunan Perangkat Lunak PRAK\Project\git_thesis\miktex_portable\texmfs/data\fonts\map\dvips\psfonts_t1.map"...
2024-10-29 08:04:14,362+0700 INFO  miktex - Writing "D:\UNAIR\UNAIR SEMESTER 5\Pembangunan Perangkat Lunak PRAK\Project\git_thesis\miktex_portable\texmfs/data\fonts\map\pdftex\pdftex_dl14.map"...
2024-10-29 08:04:14,371+0700 INFO  miktex - Writing "D:\UNAIR\UNAIR SEMESTER 5\Pembangunan Perangkat Lunak PRAK\Project\git_thesis\miktex_portable\texmfs/data\fonts\map\pdftex\pdftex_ndl14.map"...
2024-10-29 08:04:14,381+0700 INFO  miktex - Copying "D:\UNAIR\UNAIR SEMESTER 5\Pembangunan Perangkat Lunak PRAK\Project\git_thesis\miktex_portable\texmfs/data\fonts\map\dvips\psfonts_t1.map"
2024-10-29 08:04:14,381+0700 INFO  miktex -      to "D:\UNAIR\UNAIR SEMESTER 5\Pembangunan Perangkat Lunak PRAK\Project\git_thesis\miktex_portable\texmfs/data\fonts\map\dvips\psfonts.map"...
2024-10-29 08:04:14,383+0700 INFO  miktex - Copying "D:\UNAIR\UNAIR SEMESTER 5\Pembangunan Perangkat Lunak PRAK\Project\git_thesis\miktex_portable\texmfs/data\fonts\map\pdftex\pdftex_dl14.map"
2024-10-29 08:04:14,383+0700 INFO  miktex -      to "D:\UNAIR\UNAIR SEMESTER 5\Pembangunan Perangkat Lunak PRAK\Project\git_thesis\miktex_portable\texmfs/data\fonts\map\pdftex\pdftex.map"...
2024-10-29 08:04:14,393+0700 INFO  miktex - running: miktex-fc-cache --miktex-disable-maintenance --miktex-disable-diagnose
2024-10-29 08:04:14,393+0700 INFO  miktex.core - start process: miktex-fc-cache --miktex-disable-maintenance --miktex-disable-diagnose
2024-10-29 08:04:14,973+0700 WARN  miktex.core - still open: "D:\UNAIR\UNAIR SEMESTER 5\Pembangunan Perangkat Lunak PRAK\Project\git_thesis\miktex_portable\texmfs\install\fontconfig/config\fonts.conf.in"
2024-10-29 08:04:14,973+0700 WARN  miktex.core - still open: "D:\UNAIR\UNAIR SEMESTER 5\Pembangunan Perangkat Lunak PRAK\Project\git_thesis\miktex_portable\texmfs/config\fontconfig\config\fonts.conf"
2024-10-29 08:04:14,974+0700 INFO  miktex - this process (5376) finishes with exit code 0
2024-10-29 08:04:16,144+0700 INFO  miktex - this is One MiKTeX Utility 1.10 (MiKTeX 24.4 Portable)
2024-10-29 08:04:16,144+0700 INFO  miktex - this process (3244) started by miktex-console in directory D:\UNAIR\UNAIR SEMESTER 5\Pembangunan Perangkat Lunak PRAK\Project\git_thesis\miktex_portable with command line: miktex --disable-installer --verbose fndb refresh
2024-10-29 08:04:16,205+0700 INFO  miktex - Creating FNDB for common root directory ("D:\UNAIR\UNAIR SEMESTER 5\Pembangunan Perangkat Lunak PRAK\Project\git_thesis\miktex_portable\texmfs\config")...
2024-10-29 08:04:16,229+0700 INFO  miktex - Creating FNDB for common root directory ("D:\UNAIR\UNAIR SEMESTER 5\Pembangunan Perangkat Lunak PRAK\Project\git_thesis\miktex_portable\texmfs\data")...
2024-10-29 08:04:16,250+0700 INFO  miktex - Creating FNDB for common root directory ("D:\UNAIR\UNAIR SEMESTER 5\Pembangunan Perangkat Lunak PRAK\Project\git_thesis\miktex_portable\texmfs\install")...
2024-10-29 08:04:16,725+0700 ERROR miktex.core - Access is denied.

2024-10-29 08:04:16,725+0700 ERROR miktex.core - Function: DeleteFileW
2024-10-29 08:04:16,725+0700 ERROR miktex.core - Result: 5
2024-10-29 08:04:16,725+0700 ERROR miktex.core - Data: path="D:\UNAIR\UNAIR SEMESTER 5\Pembangunan Perangkat Lunak PRAK\Project\git_thesis\miktex_portable\texmfs\install\miktex\bin\x64\miktex-console.exe.(old)"
2024-10-29 08:04:16,725+0700 ERROR miktex.core - Source: Libraries\MiKTeX\Core\File\win\winFile.cpp:320
2024-10-29 08:04:16,726+0700 ERROR miktex.core - Access is denied.

2024-10-29 08:04:16,726+0700 ERROR miktex.core - Function: DeleteFileW
2024-10-29 08:04:16,726+0700 ERROR miktex.core - Result: 5
2024-10-29 08:04:16,726+0700 ERROR miktex.core - Data: path="D:\UNAIR\UNAIR SEMESTER 5\Pembangunan Perangkat Lunak PRAK\Project\git_thesis\miktex_portable\texmfs\install\miktex\bin\x64\MiKTeX240100-apr.dll.(old)"
2024-10-29 08:04:16,726+0700 ERROR miktex.core - Source: Libraries\MiKTeX\Core\File\win\winFile.cpp:320
2024-10-29 08:04:16,726+0700 ERROR miktex.core - Access is denied.

2024-10-29 08:04:16,726+0700 ERROR miktex.core - Function: DeleteFileW
2024-10-29 08:04:16,726+0700 ERROR miktex.core - Result: 5
2024-10-29 08:04:16,726+0700 ERROR miktex.core - Data: path="D:\UNAIR\UNAIR SEMESTER 5\Pembangunan Perangkat Lunak PRAK\Project\git_thesis\miktex_portable\texmfs\install\miktex\bin\x64\MiKTeX240100-aprutil.dll.(old)"
2024-10-29 08:04:16,726+0700 ERROR miktex.core - Source: Libraries\MiKTeX\Core\File\win\winFile.cpp:320
2024-10-29 08:04:16,727+0700 ERROR miktex.core - Access is denied.

2024-10-29 08:04:16,727+0700 ERROR miktex.core - Function: DeleteFileW
2024-10-29 08:04:16,727+0700 ERROR miktex.core - Result: 5
2024-10-29 08:04:16,727+0700 ERROR miktex.core - Data: path="D:\UNAIR\UNAIR SEMESTER 5\Pembangunan Perangkat Lunak PRAK\Project\git_thesis\miktex_portable\texmfs\install\miktex\bin\x64\MiKTeX240100-bzip2.dll.(old)"
2024-10-29 08:04:16,727+0700 ERROR miktex.core - Source: Libraries\MiKTeX\Core\File\win\winFile.cpp:320
2024-10-29 08:04:16,727+0700 ERROR miktex.core - Access is denied.

2024-10-29 08:04:16,727+0700 ERROR miktex.core - Function: DeleteFileW
2024-10-29 08:04:16,727+0700 ERROR miktex.core - Result: 5
2024-10-29 08:04:16,727+0700 ERROR miktex.core - Data: path="D:\UNAIR\UNAIR SEMESTER 5\Pembangunan Perangkat Lunak PRAK\Project\git_thesis\miktex_portable\texmfs\install\miktex\bin\x64\MiKTeX240100-core.dll.(old)"
2024-10-29 08:04:16,727+0700 ERROR miktex.core - Source: Libraries\MiKTeX\Core\File\win\winFile.cpp:320
2024-10-29 08:04:16,728+0700 ERROR miktex.core - Access is denied.

2024-10-29 08:04:16,728+0700 ERROR miktex.core - Function: DeleteFileW
2024-10-29 08:04:16,728+0700 ERROR miktex.core - Result: 5
2024-10-29 08:04:16,728+0700 ERROR miktex.core - Data: path="D:\UNAIR\UNAIR SEMESTER 5\Pembangunan Perangkat Lunak PRAK\Project\git_thesis\miktex_portable\texmfs\install\miktex\bin\x64\MiKTeX240100-curl.dll.(old)"
2024-10-29 08:04:16,728+0700 ERROR miktex.core - Source: Libraries\MiKTeX\Core\File\win\winFile.cpp:320
2024-10-29 08:04:16,728+0700 ERROR miktex.core - Access is denied.

2024-10-29 08:04:16,728+0700 ERROR miktex.core - Function: DeleteFileW
2024-10-29 08:04:16,728+0700 ERROR miktex.core - Result: 5
2024-10-29 08:04:16,728+0700 ERROR miktex.core - Data: path="D:\UNAIR\UNAIR SEMESTER 5\Pembangunan Perangkat Lunak PRAK\Project\git_thesis\miktex_portable\texmfs\install\miktex\bin\x64\MiKTeX240100-expat.dll.(old)"
2024-10-29 08:04:16,728+0700 ERROR miktex.core - Source: Libraries\MiKTeX\Core\File\win\winFile.cpp:320
2024-10-29 08:04:16,729+0700 ERROR miktex.core - Access is denied.

2024-10-29 08:04:16,729+0700 ERROR miktex.core - Function: DeleteFileW
2024-10-29 08:04:16,729+0700 ERROR miktex.core - Result: 5
2024-10-29 08:04:16,729+0700 ERROR miktex.core - Data: path="D:\UNAIR\UNAIR SEMESTER 5\Pembangunan Perangkat Lunak PRAK\Project\git_thesis\miktex_portable\texmfs\install\miktex\bin\x64\MiKTeX240100-extractor.dll.(old)"
2024-10-29 08:04:16,729+0700 ERROR miktex.core - Source: Libraries\MiKTeX\Core\File\win\winFile.cpp:320
2024-10-29 08:04:16,729+0700 ERROR miktex.core - Access is denied.

2024-10-29 08:04:16,729+0700 ERROR miktex.core - Function: DeleteFileW
2024-10-29 08:04:16,729+0700 ERROR miktex.core - Result: 5
2024-10-29 08:04:16,729+0700 ERROR miktex.core - Data: path="D:\UNAIR\UNAIR SEMESTER 5\Pembangunan Perangkat Lunak PRAK\Project\git_thesis\miktex_portable\texmfs\install\miktex\bin\x64\MiKTeX240100-fmt.dll.(old)"
2024-10-29 08:04:16,729+0700 ERROR miktex.core - Source: Libraries\MiKTeX\Core\File\win\winFile.cpp:320
2024-10-29 08:04:16,730+0700 ERROR miktex.core - Access is denied.

2024-10-29 08:04:16,730+0700 ERROR miktex.core - Function: DeleteFileW
2024-10-29 08:04:16,730+0700 ERROR miktex.core - Result: 5
2024-10-29 08:04:16,730+0700 ERROR miktex.core - Data: path="D:\UNAIR\UNAIR SEMESTER 5\Pembangunan Perangkat Lunak PRAK\Project\git_thesis\miktex_portable\texmfs\install\miktex\bin\x64\MiKTeX240100-libressl-crypto.dll.(old)"
2024-10-29 08:04:16,730+0700 ERROR miktex.core - Source: Libraries\MiKTeX\Core\File\win\winFile.cpp:320
2024-10-29 08:04:16,730+0700 ERROR miktex.core - Access is denied.

2024-10-29 08:04:16,730+0700 ERROR miktex.core - Function: DeleteFileW
2024-10-29 08:04:16,730+0700 ERROR miktex.core - Result: 5
2024-10-29 08:04:16,731+0700 ERROR miktex.core - Data: path="D:\UNAIR\UNAIR SEMESTER 5\Pembangunan Perangkat Lunak PRAK\Project\git_thesis\miktex_portable\texmfs\install\miktex\bin\x64\MiKTeX240100-loc.dll.(old)"
2024-10-29 08:04:16,731+0700 ERROR miktex.core - Source: Libraries\MiKTeX\Core\File\win\winFile.cpp:320
2024-10-29 08:04:16,731+0700 ERROR miktex.core - Access is denied.

2024-10-29 08:04:16,731+0700 ERROR miktex.core - Function: DeleteFileW
2024-10-29 08:04:16,731+0700 ERROR miktex.core - Result: 5
2024-10-29 08:04:16,731+0700 ERROR miktex.core - Data: path="D:\UNAIR\UNAIR SEMESTER 5\Pembangunan Perangkat Lunak PRAK\Project\git_thesis\miktex_portable\texmfs\install\miktex\bin\x64\MiKTeX240100-log4cxx.dll.(old)"
2024-10-29 08:04:16,731+0700 ERROR miktex.core - Source: Libraries\MiKTeX\Core\File\win\winFile.cpp:320
2024-10-29 08:04:16,731+0700 ERROR miktex.core - Access is denied.

2024-10-29 08:04:16,732+0700 ERROR miktex.core - Function: DeleteFileW
2024-10-29 08:04:16,732+0700 ERROR miktex.core - Result: 5
2024-10-29 08:04:16,732+0700 ERROR miktex.core - Data: path="D:\UNAIR\UNAIR SEMESTER 5\Pembangunan Perangkat Lunak PRAK\Project\git_thesis\miktex_portable\texmfs\install\miktex\bin\x64\MiKTeX240100-lzma2.dll.(old)"
2024-10-29 08:04:16,732+0700 ERROR miktex.core - Source: Libraries\MiKTeX\Core\File\win\winFile.cpp:320
2024-10-29 08:04:16,732+0700 ERROR miktex.core - Access is denied.

2024-10-29 08:04:16,732+0700 ERROR miktex.core - Function: DeleteFileW
2024-10-29 08:04:16,732+0700 ERROR miktex.core - Result: 5
2024-10-29 08:04:16,732+0700 ERROR miktex.core - Data: path="D:\UNAIR\UNAIR SEMESTER 5\Pembangunan Perangkat Lunak PRAK\Project\git_thesis\miktex_portable\texmfs\install\miktex\bin\x64\MiKTeX240100-md5.dll.(old)"
2024-10-29 08:04:16,732+0700 ERROR miktex.core - Source: Libraries\MiKTeX\Core\File\win\winFile.cpp:320
2024-10-29 08:04:16,733+0700 ERROR miktex.core - Access is denied.

2024-10-29 08:04:16,733+0700 ERROR miktex.core - Function: DeleteFileW
2024-10-29 08:04:16,733+0700 ERROR miktex.core - Result: 5
2024-10-29 08:04:16,733+0700 ERROR miktex.core - Data: path="D:\UNAIR\UNAIR SEMESTER 5\Pembangunan Perangkat Lunak PRAK\Project\git_thesis\miktex_portable\texmfs\install\miktex\bin\x64\MiKTeX240100-mspack.dll.(old)"
2024-10-29 08:04:16,733+0700 ERROR miktex.core - Source: Libraries\MiKTeX\Core\File\win\winFile.cpp:320
2024-10-29 08:04:16,733+0700 ERROR miktex.core - Access is denied.

2024-10-29 08:04:16,733+0700 ERROR miktex.core - Function: DeleteFileW
2024-10-29 08:04:16,733+0700 ERROR miktex.core - Result: 5
2024-10-29 08:04:16,733+0700 ERROR miktex.core - Data: path="D:\UNAIR\UNAIR SEMESTER 5\Pembangunan Perangkat Lunak PRAK\Project\git_thesis\miktex_portable\texmfs\install\miktex\bin\x64\MiKTeX240100-packagemanager.dll.(old)"
2024-10-29 08:04:16,733+0700 ERROR miktex.core - Source: Libraries\MiKTeX\Core\File\win\winFile.cpp:320
2024-10-29 08:04:16,734+0700 ERROR miktex.core - Access is denied.

2024-10-29 08:04:16,734+0700 ERROR miktex.core - Function: DeleteFileW
2024-10-29 08:04:16,734+0700 ERROR miktex.core - Result: 5
2024-10-29 08:04:16,734+0700 ERROR miktex.core - Data: path="D:\UNAIR\UNAIR SEMESTER 5\Pembangunan Perangkat Lunak PRAK\Project\git_thesis\miktex_portable\texmfs\install\miktex\bin\x64\MiKTeX240100-popt.dll.(old)"
2024-10-29 08:04:16,734+0700 ERROR miktex.core - Source: Libraries\MiKTeX\Core\File\win\winFile.cpp:320
2024-10-29 08:04:16,734+0700 ERROR miktex.core - Access is denied.

2024-10-29 08:04:16,734+0700 ERROR miktex.core - Function: DeleteFileW
2024-10-29 08:04:16,734+0700 ERROR miktex.core - Result: 5
2024-10-29 08:04:16,734+0700 ERROR miktex.core - Data: path="D:\UNAIR\UNAIR SEMESTER 5\Pembangunan Perangkat Lunak PRAK\Project\git_thesis\miktex_portable\texmfs\install\miktex\bin\x64\MiKTeX240100-res.dll.(old)"
2024-10-29 08:04:16,734+0700 ERROR miktex.core - Source: Libraries\MiKTeX\Core\File\win\winFile.cpp:320
2024-10-29 08:04:16,735+0700 ERROR miktex.core - Access is denied.

2024-10-29 08:04:16,735+0700 ERROR miktex.core - Function: DeleteFileW
2024-10-29 08:04:16,735+0700 ERROR miktex.core - Result: 5
2024-10-29 08:04:16,735+0700 ERROR miktex.core - Data: path="D:\UNAIR\UNAIR SEMESTER 5\Pembangunan Perangkat Lunak PRAK\Project\git_thesis\miktex_portable\texmfs\install\miktex\bin\x64\MiKTeX240100-setup.dll.(old)"
2024-10-29 08:04:16,735+0700 ERROR miktex.core - Source: Libraries\MiKTeX\Core\File\win\winFile.cpp:320
2024-10-29 08:04:16,735+0700 ERROR miktex.core - Access is denied.

2024-10-29 08:04:16,735+0700 ERROR miktex.core - Function: DeleteFileW
2024-10-29 08:04:16,735+0700 ERROR miktex.core - Result: 5
2024-10-29 08:04:16,735+0700 ERROR miktex.core - Data: path="D:\UNAIR\UNAIR SEMESTER 5\Pembangunan Perangkat Lunak PRAK\Project\git_thesis\miktex_portable\texmfs\install\miktex\bin\x64\MiKTeX240100-trace.dll.(old)"
2024-10-29 08:04:16,735+0700 ERROR miktex.core - Source: Libraries\MiKTeX\Core\File\win\winFile.cpp:320
2024-10-29 08:04:16,736+0700 ERROR miktex.core - Access is denied.

2024-10-29 08:04:16,736+0700 ERROR miktex.core - Function: DeleteFileW
2024-10-29 08:04:16,736+0700 ERROR miktex.core - Result: 5
2024-10-29 08:04:16,736+0700 ERROR miktex.core - Data: path="D:\UNAIR\UNAIR SEMESTER 5\Pembangunan Perangkat Lunak PRAK\Project\git_thesis\miktex_portable\texmfs\install\miktex\bin\x64\MiKTeX240100-ui-Qt.dll.(old)"
2024-10-29 08:04:16,736+0700 ERROR miktex.core - Source: Libraries\MiKTeX\Core\File\win\winFile.cpp:320
2024-10-29 08:04:16,736+0700 ERROR miktex.core - Access is denied.

2024-10-29 08:04:16,736+0700 ERROR miktex.core - Function: DeleteFileW
2024-10-29 08:04:16,736+0700 ERROR miktex.core - Result: 5
2024-10-29 08:04:16,736+0700 ERROR miktex.core - Data: path="D:\UNAIR\UNAIR SEMESTER 5\Pembangunan Perangkat Lunak PRAK\Project\git_thesis\miktex_portable\texmfs\install\miktex\bin\x64\MiKTeX240100-uriparser.dll.(old)"
2024-10-29 08:04:16,736+0700 ERROR miktex.core - Source: Libraries\MiKTeX\Core\File\win\winFile.cpp:320
2024-10-29 08:04:16,737+0700 ERROR miktex.core - Access is denied.

2024-10-29 08:04:16,737+0700 ERROR miktex.core - Function: DeleteFileW
2024-10-29 08:04:16,737+0700 ERROR miktex.core - Result: 5
2024-10-29 08:04:16,737+0700 ERROR miktex.core - Data: path="D:\UNAIR\UNAIR SEMESTER 5\Pembangunan Perangkat Lunak PRAK\Project\git_thesis\miktex_portable\texmfs\install\miktex\bin\x64\MiKTeX240100-utf8wrap.dll.(old)"
2024-10-29 08:04:16,737+0700 ERROR miktex.core - Source: Libraries\MiKTeX\Core\File\win\winFile.cpp:320
2024-10-29 08:04:16,737+0700 ERROR miktex.core - Access is denied.

2024-10-29 08:04:16,737+0700 ERROR miktex.core - Function: DeleteFileW
2024-10-29 08:04:16,737+0700 ERROR miktex.core - Result: 5
2024-10-29 08:04:16,737+0700 ERROR miktex.core - Data: path="D:\UNAIR\UNAIR SEMESTER 5\Pembangunan Perangkat Lunak PRAK\Project\git_thesis\miktex_portable\texmfs\install\miktex\bin\x64\MiKTeX240100-util.dll.(old)"
2024-10-29 08:04:16,737+0700 ERROR miktex.core - Source: Libraries\MiKTeX\Core\File\win\winFile.cpp:320
2024-10-29 08:04:16,738+0700 ERROR miktex.core - Access is denied.

2024-10-29 08:04:16,738+0700 ERROR miktex.core - Function: DeleteFileW
2024-10-29 08:04:16,738+0700 ERROR miktex.core - Result: 5
2024-10-29 08:04:16,738+0700 ERROR miktex.core - Data: path="D:\UNAIR\UNAIR SEMESTER 5\Pembangunan Perangkat Lunak PRAK\Project\git_thesis\miktex_portable\texmfs\install\miktex\bin\x64\MiKTeX240100-zlib.dll.(old)"
2024-10-29 08:04:16,738+0700 ERROR miktex.core - Source: Libraries\MiKTeX\Core\File\win\winFile.cpp:320
2024-10-29 08:04:16,738+0700 ERROR miktex.core - Access is denied.

2024-10-29 08:04:16,738+0700 ERROR miktex.core - Function: DeleteFileW
2024-10-29 08:04:16,738+0700 ERROR miktex.core - Result: 5
2024-10-29 08:04:16,738+0700 ERROR miktex.core - Data: path="D:\UNAIR\UNAIR SEMESTER 5\Pembangunan Perangkat Lunak PRAK\Project\git_thesis\miktex_portable\texmfs\install\miktex\bin\x64\Qt6Core.dll.(old)"
2024-10-29 08:04:16,738+0700 ERROR miktex.core - Source: Libraries\MiKTeX\Core\File\win\winFile.cpp:320
2024-10-29 08:04:16,739+0700 ERROR miktex.core - Access is denied.

2024-10-29 08:04:16,739+0700 ERROR miktex.core - Function: DeleteFileW
2024-10-29 08:04:16,739+0700 ERROR miktex.core - Result: 5
2024-10-29 08:04:16,739+0700 ERROR miktex.core - Data: path="D:\UNAIR\UNAIR SEMESTER 5\Pembangunan Perangkat Lunak PRAK\Project\git_thesis\miktex_portable\texmfs\install\miktex\bin\x64\Qt6Gui.dll.(old)"
2024-10-29 08:04:16,739+0700 ERROR miktex.core - Source: Libraries\MiKTeX\Core\File\win\winFile.cpp:320
2024-10-29 08:04:16,739+0700 ERROR miktex.core - Access is denied.

2024-10-29 08:04:16,739+0700 ERROR miktex.core - Function: DeleteFileW
2024-10-29 08:04:16,739+0700 ERROR miktex.core - Result: 5
2024-10-29 08:04:16,739+0700 ERROR miktex.core - Data: path="D:\UNAIR\UNAIR SEMESTER 5\Pembangunan Perangkat Lunak PRAK\Project\git_thesis\miktex_portable\texmfs\install\miktex\bin\x64\Qt6Widgets.dll.(old)"
2024-10-29 08:04:16,739+0700 ERROR miktex.core - Source: Libraries\MiKTeX\Core\File\win\winFile.cpp:320
2024-10-29 08:04:16,741+0700 ERROR miktex.core - Access is denied.

2024-10-29 08:04:16,741+0700 ERROR miktex.core - Function: DeleteFileW
2024-10-29 08:04:16,742+0700 ERROR miktex.core - Result: 5
2024-10-29 08:04:16,742+0700 ERROR miktex.core - Data: path="D:\UNAIR\UNAIR SEMESTER 5\Pembangunan Perangkat Lunak PRAK\Project\git_thesis\miktex_portable\texmfs\install\miktex\bin\x64\platforms\qwindows.dll.(old)"
2024-10-29 08:04:16,742+0700 ERROR miktex.core - Source: Libraries\MiKTeX\Core\File\win\winFile.cpp:320
2024-10-29 08:04:16,743+0700 ERROR miktex.core - Access is denied.

2024-10-29 08:04:16,743+0700 ERROR miktex.core - Function: DeleteFileW
2024-10-29 08:04:16,743+0700 ERROR miktex.core - Result: 5
2024-10-29 08:04:16,743+0700 ERROR miktex.core - Data: path="D:\UNAIR\UNAIR SEMESTER 5\Pembangunan Perangkat Lunak PRAK\Project\git_thesis\miktex_portable\texmfs\install\miktex\bin\x64\styles\qwindowsvistastyle.dll.(old)"
2024-10-29 08:04:16,743+0700 ERROR miktex.core - Source: Libraries\MiKTeX\Core\File\win\winFile.cpp:320
2024-10-29 08:04:19,031+0700 WARN  miktex.packagemanager - dependency problem: showframe is required by _miktex-latex-packages
2024-10-29 08:04:19,032+0700 WARN  miktex.packagemanager - dependency problem: thailatex is required by _miktex-latex-packages
2024-10-29 08:04:19,033+0700 WARN  miktex.packagemanager - dependency problem: luxi is required by _miktex-fonts-type1
2024-10-29 08:04:19,101+0700 INFO  miktex - Refreshing FNDB for MPM...
2024-10-29 08:04:22,395+0700 INFO  miktex - this process (3244) finishes with exit code 0
2024-10-29 08:04:22,740+0700 INFO  miktex - this is One MiKTeX Utility 1.10 (MiKTeX 24.4 Portable)
2024-10-29 08:04:22,741+0700 INFO  miktex - this process (7812) started by miktex-console in directory D:\UNAIR\UNAIR SEMESTER 5\Pembangunan Perangkat Lunak PRAK\Project\git_thesis\miktex_portable with command line: miktex --disable-installer --verbose links install --force
2024-10-29 08:04:22,741+0700 INFO  miktex - Installing links in target directory "D:\UNAIR\UNAIR SEMESTER 5\Pembangunan Perangkat Lunak PRAK\Project\git_thesis\miktex_portable\texmfs\install\miktex\bin\x64"...
2024-10-29 08:04:23,828+0700 ERROR miktex.core - Access is denied.

2024-10-29 08:04:23,828+0700 ERROR miktex.core - Function: DeleteFileW
2024-10-29 08:04:23,828+0700 ERROR miktex.core - Result: 5
2024-10-29 08:04:23,828+0700 ERROR miktex.core - Data: path="D:\UNAIR\UNAIR SEMESTER 5\Pembangunan Perangkat Lunak PRAK\Project\git_thesis\miktex_portable\texmfs\install\miktex\bin\x64\miktex-taskbar-icon.exe"
2024-10-29 08:04:23,828+0700 ERROR miktex.core - Source: Libraries\MiKTeX\Core\File\win\winFile.cpp:320
2024-10-29 08:04:23,835+0700 ERROR miktex.core - Access is denied.

2024-10-29 08:04:23,835+0700 ERROR miktex.core - Function: DeleteFileW
2024-10-29 08:04:23,835+0700 ERROR miktex.core - Result: 5
2024-10-29 08:04:23,835+0700 ERROR miktex.core - Data: path="D:\UNAIR\UNAIR SEMESTER 5\Pembangunan Perangkat Lunak PRAK\Project\git_thesis\miktex_portable\texmfs\install\miktex\bin\x64\miktex-update.exe"
2024-10-29 08:04:23,835+0700 ERROR miktex.core - Source: Libraries\MiKTeX\Core\File\win\winFile.cpp:320
2024-10-29 08:04:25,329+0700 INFO  miktex.core - starting finish script
2024-10-29 08:04:25,329+0700 INFO  miktex.core - start process: C:\WINDOWS\system32\cmd.exe /c C:\Users\WINDOW~1\AppData\Local\Temp\mik29973\miktex-finish.cmd
2024-10-29 08:04:25,422+0700 INFO  miktex - this process (7812) finishes with exit code 0
2024-10-29 08:04:34,951+0700 INFO  miktex - this is One MiKTeX Utility 1.10 (MiKTeX 24.4 Portable)
2024-10-29 08:04:34,951+0700 INFO  miktex - this process (12132) started by miktex-console in directory D:\UNAIR\UNAIR SEMESTER 5\Pembangunan Perangkat Lunak PRAK\Project\git_thesis\miktex_portable with command line: miktex --disable-installer --verbose fontmaps configure
2024-10-29 08:04:34,951+0700 INFO  miktex - Parsing configuration file "D:\UNAIR\UNAIR SEMESTER 5\Pembangunan Perangkat Lunak PRAK\Project\git_thesis\miktex_portable\texmfs\install\miktex/config\updmap.cfg"...
2024-10-29 08:04:35,114+0700 INFO  miktex - Writing "D:\UNAIR\UNAIR SEMESTER 5\Pembangunan Perangkat Lunak PRAK\Project\git_thesis\miktex_portable\texmfs/data\fonts\map\dvipdfmx\kanjix.map"...
2024-10-29 08:04:35,115+0700 INFO  miktex - Writing "D:\UNAIR\UNAIR SEMESTER 5\Pembangunan Perangkat Lunak PRAK\Project\git_thesis\miktex_portable\texmfs/data\fonts\map\dvips\builtin35.map"...
2024-10-29 08:04:35,117+0700 INFO  miktex - Writing "D:\UNAIR\UNAIR SEMESTER 5\Pembangunan Perangkat Lunak PRAK\Project\git_thesis\miktex_portable\texmfs/data\fonts\map\dvips\download35.map"...
2024-10-29 08:04:35,120+0700 INFO  miktex - Writing "D:\UNAIR\UNAIR SEMESTER 5\Pembangunan Perangkat Lunak PRAK\Project\git_thesis\miktex_portable\texmfs/data\fonts\map\dvips\ps2pk.map"...
2024-10-29 08:04:35,129+0700 INFO  miktex - Writing "D:\UNAIR\UNAIR SEMESTER 5\Pembangunan Perangkat Lunak PRAK\Project\git_thesis\miktex_portable\texmfs/data\fonts\map\dvips\psfonts_pk.map"...
2024-10-29 08:04:35,137+0700 INFO  miktex - Writing "D:\UNAIR\UNAIR SEMESTER 5\Pembangunan Perangkat Lunak PRAK\Project\git_thesis\miktex_portable\texmfs/data\fonts\map\dvips\psfonts_t1.map"...
2024-10-29 08:04:35,147+0700 INFO  miktex - Writing "D:\UNAIR\UNAIR SEMESTER 5\Pembangunan Perangkat Lunak PRAK\Project\git_thesis\miktex_portable\texmfs/data\fonts\map\pdftex\pdftex_dl14.map"...
2024-10-29 08:04:35,157+0700 INFO  miktex - Writing "D:\UNAIR\UNAIR SEMESTER 5\Pembangunan Perangkat Lunak PRAK\Project\git_thesis\miktex_portable\texmfs/data\fonts\map\pdftex\pdftex_ndl14.map"...
2024-10-29 08:04:35,169+0700 INFO  miktex - Copying "D:\UNAIR\UNAIR SEMESTER 5\Pembangunan Perangkat Lunak PRAK\Project\git_thesis\miktex_portable\texmfs/data\fonts\map\dvips\psfonts_t1.map"
2024-10-29 08:04:35,169+0700 INFO  miktex -      to "D:\UNAIR\UNAIR SEMESTER 5\Pembangunan Perangkat Lunak PRAK\Project\git_thesis\miktex_portable\texmfs/data\fonts\map\dvips\psfonts.map"...
2024-10-29 08:04:35,171+0700 INFO  miktex - Copying "D:\UNAIR\UNAIR SEMESTER 5\Pembangunan Perangkat Lunak PRAK\Project\git_thesis\miktex_portable\texmfs/data\fonts\map\pdftex\pdftex_dl14.map"
2024-10-29 08:04:35,171+0700 INFO  miktex -      to "D:\UNAIR\UNAIR SEMESTER 5\Pembangunan Perangkat Lunak PRAK\Project\git_thesis\miktex_portable\texmfs/data\fonts\map\pdftex\pdftex.map"...
2024-10-29 08:04:35,180+0700 INFO  miktex - running: miktex-fc-cache --verbose --miktex-disable-maintenance --miktex-disable-diagnose
2024-10-29 08:04:35,181+0700 INFO  miktex.core - start process: miktex-fc-cache --verbose --miktex-disable-maintenance --miktex-disable-diagnose
2024-10-29 08:04:35,619+0700 INFO  miktex - C:/Users/WINDOWS 10 PRO/AppData/Local/Microsoft/Windows/Fonts: skipping, existing cache is valid: 10 fonts, 0 dirs
2024-10-29 08:04:35,621+0700 INFO  miktex - C:/WINDOWS/Fonts: skipping, existing cache is valid: 1024 fonts, 0 dirs
2024-10-29 08:04:35,622+0700 INFO  miktex - D:/UNAIR/UNAIR SEMESTER 5/Pembangunan Perangkat Lunak PRAK/Project/git_thesis/miktex_portable/texmfs/install/fonts/opentype: skipping, existing cache is valid: 0 fonts, 1 dirs
2024-10-29 08:04:35,623+0700 INFO  miktex - D:/UNAIR/UNAIR SEMESTER 5/Pembangunan Perangkat Lunak PRAK/Project/git_thesis/miktex_portable/texmfs/install/fonts/opentype/public: skipping, existing cache is valid: 0 fonts, 1 dirs
2024-10-29 08:04:35,624+0700 INFO  miktex - D:/UNAIR/UNAIR SEMESTER 5/Pembangunan Perangkat Lunak PRAK/Project/git_thesis/miktex_portable/texmfs/install/fonts/opentype/public/lm: skipping, existing cache is valid: 72 fonts, 0 dirs
2024-10-29 08:04:35,625+0700 INFO  miktex - C:/Users/WINDOWS 10 PRO/.local/share/fonts: skipping, no such directory
2024-10-29 08:04:35,625+0700 INFO  miktex - C:/Users/WINDOWS 10 PRO/.fonts: skipping, no such directory
2024-10-29 08:04:35,625+0700 INFO  miktex - D:/UNAIR/UNAIR SEMESTER 5/Pembangunan Perangkat Lunak PRAK/Project/git_thesis/miktex_portable/texmfs/install/fonts/opentype/public: skipping, looped directory detected
2024-10-29 08:04:35,710+0700 INFO  miktex - D:/UNAIR/UNAIR SEMESTER 5/Pembangunan Perangkat Lunak PRAK/Project/git_thesis/miktex_portable/texmfs/install/fonts/opentype/public/lm: skipping, looped directory detected
2024-10-29 08:04:35,710+0700 INFO  miktex - D:/UNAIR/UNAIR SEMESTER 5/Pembangunan Perangkat Lunak PRAK/Project/git_thesis/miktex_portable/texmfs/data/fontconfig/cache: cleaning cache directory
2024-10-29 08:04:35,710+0700 INFO  miktex - C:/Users/WINDOWS 10 PRO/.cache/fontconfig: not cleaning non-existent cache directory
2024-10-29 08:04:35,710+0700 INFO  miktex - C:/Users/WINDOWS 10 PRO/.fontconfig: not cleaning non-existent cache directory
2024-10-29 08:04:35,712+0700 INFO  miktex - miktex-fc-cache: succeeded
2024-10-29 08:04:35,718+0700 WARN  miktex.core - still open: "D:\UNAIR\UNAIR SEMESTER 5\Pembangunan Perangkat Lunak PRAK\Project\git_thesis\miktex_portable\texmfs\install\fontconfig/config\fonts.conf.in"
2024-10-29 08:04:35,718+0700 WARN  miktex.core - still open: "D:\UNAIR\UNAIR SEMESTER 5\Pembangunan Perangkat Lunak PRAK\Project\git_thesis\miktex_portable\texmfs/config\fontconfig\config\fonts.conf"
2024-10-29 08:04:35,718+0700 INFO  miktex - this process (12132) finishes with exit code 0
2024-10-29 08:04:36,039+0700 INFO  miktex - this is One MiKTeX Utility 1.10 (MiKTeX 24.4 Portable)
2024-10-29 08:04:36,039+0700 INFO  miktex - this process (7992) started by miktex-console in directory D:\UNAIR\UNAIR SEMESTER 5\Pembangunan Perangkat Lunak PRAK\Project\git_thesis\miktex_portable with command line: miktex --disable-installer --verbose languages configure
2024-10-29 08:04:36,039+0700 INFO  miktex - Creating language.dat, language.dat.lua and language.def...
2024-10-29 08:04:36,129+0700 INFO  miktex - this process (7992) finishes with exit code 0
2024-10-29 08:04:48,604+0700 INFO  miktex - this is One MiKTeX Utility 1.10 (MiKTeX 24.4 Portable)
2024-10-29 08:04:48,604+0700 INFO  miktex - this process (5944) started by miktex-console in directory D:\UNAIR\UNAIR SEMESTER 5\Pembangunan Perangkat Lunak PRAK\Project\git_thesis\miktex_portable with command line: miktex fontmaps configure
2024-10-29 08:04:48,605+0700 INFO  miktex - Parsing configuration file "D:\UNAIR\UNAIR SEMESTER 5\Pembangunan Perangkat Lunak PRAK\Project\git_thesis\miktex_portable\texmfs\install\miktex/config\updmap.cfg"...
2024-10-29 08:04:48,768+0700 INFO  miktex - Writing "D:\UNAIR\UNAIR SEMESTER 5\Pembangunan Perangkat Lunak PRAK\Project\git_thesis\miktex_portable\texmfs/data\fonts\map\dvipdfmx\kanjix.map"...
2024-10-29 08:04:48,769+0700 INFO  miktex - Writing "D:\UNAIR\UNAIR SEMESTER 5\Pembangunan Perangkat Lunak PRAK\Project\git_thesis\miktex_portable\texmfs/data\fonts\map\dvips\builtin35.map"...
2024-10-29 08:04:48,771+0700 INFO  miktex - Writing "D:\UNAIR\UNAIR SEMESTER 5\Pembangunan Perangkat Lunak PRAK\Project\git_thesis\miktex_portable\texmfs/data\fonts\map\dvips\download35.map"...
2024-10-29 08:04:48,774+0700 INFO  miktex - Writing "D:\UNAIR\UNAIR SEMESTER 5\Pembangunan Perangkat Lunak PRAK\Project\git_thesis\miktex_portable\texmfs/data\fonts\map\dvips\ps2pk.map"...
2024-10-29 08:04:48,783+0700 INFO  miktex - Writing "D:\UNAIR\UNAIR SEMESTER 5\Pembangunan Perangkat Lunak PRAK\Project\git_thesis\miktex_portable\texmfs/data\fonts\map\dvips\psfonts_pk.map"...
2024-10-29 08:04:48,791+0700 INFO  miktex - Writing "D:\UNAIR\UNAIR SEMESTER 5\Pembangunan Perangkat Lunak PRAK\Project\git_thesis\miktex_portable\texmfs/data\fonts\map\dvips\psfonts_t1.map"...
2024-10-29 08:04:48,801+0700 INFO  miktex - Writing "D:\UNAIR\UNAIR SEMESTER 5\Pembangunan Perangkat Lunak PRAK\Project\git_thesis\miktex_portable\texmfs/data\fonts\map\pdftex\pdftex_dl14.map"...
2024-10-29 08:04:48,811+0700 INFO  miktex - Writing "D:\UNAIR\UNAIR SEMESTER 5\Pembangunan Perangkat Lunak PRAK\Project\git_thesis\miktex_portable\texmfs/data\fonts\map\pdftex\pdftex_ndl14.map"...
2024-10-29 08:04:48,820+0700 INFO  miktex - Copying "D:\UNAIR\UNAIR SEMESTER 5\Pembangunan Perangkat Lunak PRAK\Project\git_thesis\miktex_portable\texmfs/data\fonts\map\dvips\psfonts_t1.map"
2024-10-29 08:04:48,820+0700 INFO  miktex -      to "D:\UNAIR\UNAIR SEMESTER 5\Pembangunan Perangkat Lunak PRAK\Project\git_thesis\miktex_portable\texmfs/data\fonts\map\dvips\psfonts.map"...
2024-10-29 08:04:48,822+0700 INFO  miktex - Copying "D:\UNAIR\UNAIR SEMESTER 5\Pembangunan Perangkat Lunak PRAK\Project\git_thesis\miktex_portable\texmfs/data\fonts\map\pdftex\pdftex_dl14.map"
2024-10-29 08:04:48,822+0700 INFO  miktex -      to "D:\UNAIR\UNAIR SEMESTER 5\Pembangunan Perangkat Lunak PRAK\Project\git_thesis\miktex_portable\texmfs/data\fonts\map\pdftex\pdftex.map"...
2024-10-29 08:04:48,830+0700 INFO  miktex - running: miktex-fc-cache --miktex-disable-maintenance --miktex-disable-diagnose
2024-10-29 08:04:48,830+0700 INFO  miktex.core - start process: miktex-fc-cache --miktex-disable-maintenance --miktex-disable-diagnose
2024-10-29 08:04:49,414+0700 WARN  miktex.core - still open: "D:\UNAIR\UNAIR SEMESTER 5\Pembangunan Perangkat Lunak PRAK\Project\git_thesis\miktex_portable\texmfs\install\fontconfig/config\fonts.conf.in"
2024-10-29 08:04:49,414+0700 WARN  miktex.core - still open: "D:\UNAIR\UNAIR SEMESTER 5\Pembangunan Perangkat Lunak PRAK\Project\git_thesis\miktex_portable\texmfs/config\fontconfig\config\fonts.conf"
2024-10-29 08:04:49,415+0700 INFO  miktex - this process (5944) finishes with exit code 0
2024-10-29 08:13:54,189+0700 INFO  miktex - this is One MiKTeX Utility 1.10 (MiKTeX 24.4 Portable)
2024-10-29 08:13:54,189+0700 INFO  miktex - this process (5104) started by miktex-console in directory C:\WINDOWS\system32 with command line: miktex fontmaps configure
2024-10-29 08:13:54,190+0700 INFO  miktex - Parsing configuration file "D:\UNAIR\UNAIR SEMESTER 5\Pembangunan Perangkat Lunak PRAK\Project\git_thesis\miktex_portable\texmfs\install\miktex/config\updmap.cfg"...
2024-10-29 08:13:54,365+0700 INFO  miktex - Writing "D:\UNAIR\UNAIR SEMESTER 5\Pembangunan Perangkat Lunak PRAK\Project\git_thesis\miktex_portable\texmfs/data\fonts\map\dvipdfmx\kanjix.map"...
2024-10-29 08:13:54,366+0700 INFO  miktex - Writing "D:\UNAIR\UNAIR SEMESTER 5\Pembangunan Perangkat Lunak PRAK\Project\git_thesis\miktex_portable\texmfs/data\fonts\map\dvips\builtin35.map"...
2024-10-29 08:13:54,369+0700 INFO  miktex - Writing "D:\UNAIR\UNAIR SEMESTER 5\Pembangunan Perangkat Lunak PRAK\Project\git_thesis\miktex_portable\texmfs/data\fonts\map\dvips\download35.map"...
2024-10-29 08:13:54,372+0700 INFO  miktex - Writing "D:\UNAIR\UNAIR SEMESTER 5\Pembangunan Perangkat Lunak PRAK\Project\git_thesis\miktex_portable\texmfs/data\fonts\map\dvips\ps2pk.map"...
2024-10-29 08:13:54,384+0700 INFO  miktex - Writing "D:\UNAIR\UNAIR SEMESTER 5\Pembangunan Perangkat Lunak PRAK\Project\git_thesis\miktex_portable\texmfs/data\fonts\map\dvips\psfonts_pk.map"...
2024-10-29 08:13:54,394+0700 INFO  miktex - Writing "D:\UNAIR\UNAIR SEMESTER 5\Pembangunan Perangkat Lunak PRAK\Project\git_thesis\miktex_portable\texmfs/data\fonts\map\dvips\psfonts_t1.map"...
2024-10-29 08:13:54,406+0700 INFO  miktex - Writing "D:\UNAIR\UNAIR SEMESTER 5\Pembangunan Perangkat Lunak PRAK\Project\git_thesis\miktex_portable\texmfs/data\fonts\map\pdftex\pdftex_dl14.map"...
2024-10-29 08:13:54,418+0700 INFO  miktex - Writing "D:\UNAIR\UNAIR SEMESTER 5\Pembangunan Perangkat Lunak PRAK\Project\git_thesis\miktex_portable\texmfs/data\fonts\map\pdftex\pdftex_ndl14.map"...
2024-10-29 08:13:54,429+0700 INFO  miktex - Copying "D:\UNAIR\UNAIR SEMESTER 5\Pembangunan Perangkat Lunak PRAK\Project\git_thesis\miktex_portable\texmfs/data\fonts\map\dvips\psfonts_t1.map"
2024-10-29 08:13:54,429+0700 INFO  miktex -      to "D:\UNAIR\UNAIR SEMESTER 5\Pembangunan Perangkat Lunak PRAK\Project\git_thesis\miktex_portable\texmfs/data\fonts\map\dvips\psfonts.map"...
2024-10-29 08:13:54,431+0700 INFO  miktex - Copying "D:\UNAIR\UNAIR SEMESTER 5\Pembangunan Perangkat Lunak PRAK\Project\git_thesis\miktex_portable\texmfs/data\fonts\map\pdftex\pdftex_dl14.map"
2024-10-29 08:13:54,431+0700 INFO  miktex -      to "D:\UNAIR\UNAIR SEMESTER 5\Pembangunan Perangkat Lunak PRAK\Project\git_thesis\miktex_portable\texmfs/data\fonts\map\pdftex\pdftex.map"...
2024-10-29 08:13:54,440+0700 INFO  miktex - running: miktex-fc-cache --miktex-disable-maintenance --miktex-disable-diagnose
2024-10-29 08:13:54,440+0700 INFO  miktex.core - start process: miktex-fc-cache --miktex-disable-maintenance --miktex-disable-diagnose
2024-10-29 08:13:55,009+0700 INFO  miktex - miktex-fc-cache: security risk: running with elevated privileges
2024-10-29 08:13:55,015+0700 WARN  miktex.core - still open: "D:\UNAIR\UNAIR SEMESTER 5\Pembangunan Perangkat Lunak PRAK\Project\git_thesis\miktex_portable\texmfs\install\fontconfig/config\fonts.conf.in"
2024-10-29 08:13:55,015+0700 WARN  miktex.core - still open: "D:\UNAIR\UNAIR SEMESTER 5\Pembangunan Perangkat Lunak PRAK\Project\git_thesis\miktex_portable\texmfs/config\fontconfig\config\fonts.conf"
2024-10-29 08:13:55,015+0700 INFO  miktex - this process (5104) finishes with exit code 0
2024-10-29 09:21:38,711+0700 INFO  miktex - this is One MiKTeX Utility 1.10 (MiKTeX 24.4 Portable)
2024-10-29 09:21:38,712+0700 INFO  miktex - this process (3156) started by pdflatex in directory D:\UNAIR\UNAIR SEMESTER 5\Pembangunan Perangkat Lunak PRAK\Project\git_thesis\media\tex_file with command line: miktex formats build pdflatex --engine pdftex
2024-10-29 09:21:38,715+0700 INFO  miktex - Building format 'pdflatex' with engine 'pdftex'...
2024-10-29 09:21:38,719+0700 INFO  miktex.core - start process: miktex-makefmt.exe --engine=pdftex --dest-name=pdflatex --no-dump pdflatex.ini --engine-option=-tcx=cp227.tcx --miktex-disable-maintenance --miktex-disable-diagnose
2024-10-29 09:21:58,088+0700 INFO  miktex - this process (3156) finishes with exit code 0
