2024-10-29 08:06:49,362+0700 INFO  pdflatex - this process (14312) started by cmd in directory D:\UNAIR\UNAIR SEMESTER 5\Pembangunan Perangkat Lunak PRAK\Project\git_thesis\miktex_portable with command line: pdflatex --version
2024-10-29 08:06:49,363+0700 INFO  pdflatex - running on Windows 10.0.19045
2024-10-29 08:06:49,365+0700 INFO  pdflatex - this is MiKTeX-PDFTEX 4.19.0 (1.40.26) (MiKTeX 24.4 Portable)
2024-10-29 08:06:49,367+0700 INFO  pdflatex - allowing known shell commands
2024-10-29 08:06:49,388+0700 INFO  pdflatex - this process (14312) finishes with exit code 0
2024-10-29 08:59:23,215+0700 INFO  pdflatex - this process (4728) started by python in directory D:\UNAIR\UNAIR SEMESTER 5\Pembangunan Perangkat Lunak PRAK\Project\git_thesis\media\tex_file with command line: "D:\UNAIR\UNAIR SEMESTER 5\Pembangunan Perangkat Lunak PRAK\Project\git_thesis\miktex_portable\texmfs\install\miktex\bin\x64\pdflatex.exe" "-interaction=nonstopmode -shell-escape" "D:\UNAIR\UNAIR SEMESTER 5\Pembangunan Perangkat Lunak PRAK\Project\git_thesis\media/tex_file\output_1730167162.tex"
2024-10-29 08:59:23,215+0700 INFO  pdflatex - running on Windows 10.0.19045
2024-10-29 08:59:23,220+0700 INFO  pdflatex - this is MiKTeX-PDFTEX 4.19.0 (1.40.26) (MiKTeX 24.4 Portable)
2024-10-29 08:59:23,226+0700 INFO  pdflatex - allowing known shell commands
2024-10-29 08:59:23,247+0700 FATAL pdflatex.core - Invalid interaction mode.
2024-10-29 08:59:23,247+0700 FATAL pdflatex.core - Data: interaction="nonstopmode -shell-escape"
2024-10-29 08:59:23,247+0700 FATAL pdflatex.core - Source: Libraries\MiKTeX\TeXAndFriends\texmfapp.cpp:444
2024-10-29 08:59:23,248+0700 FATAL pdflatex - Invalid interaction mode.
2024-10-29 08:59:23,248+0700 FATAL pdflatex - Info: interaction="nonstopmode -shell-escape"
2024-10-29 08:59:23,248+0700 FATAL pdflatex - Source: Libraries\MiKTeX\TeXAndFriends\texmfapp.cpp
2024-10-29 08:59:23,248+0700 FATAL pdflatex - Line: 444
2024-10-29 08:59:23,251+0700 INFO  pdflatex - this process (4728) finishes with exit code 1
2024-10-29 09:02:59,366+0700 INFO  pdflatex - this process (1692) started by python in directory D:\UNAIR\UNAIR SEMESTER 5\Pembangunan Perangkat Lunak PRAK\Project\git_thesis\media\tex_file with command line: "D:\UNAIR\UNAIR SEMESTER 5\Pembangunan Perangkat Lunak PRAK\Project\git_thesis\miktex_portable\texmfs\install\miktex\bin\x64\pdflatex.exe" "-interaction=nonstopmode -shell-escape" "D:\UNAIR\UNAIR SEMESTER 5\Pembangunan Perangkat Lunak PRAK\Project\git_thesis\media/tex_file\output_1730167378.tex"
2024-10-29 09:02:59,367+0700 INFO  pdflatex - running on Windows 10.0.19045
2024-10-29 09:02:59,372+0700 INFO  pdflatex - this is MiKTeX-PDFTEX 4.19.0 (1.40.26) (MiKTeX 24.4 Portable)
2024-10-29 09:02:59,379+0700 INFO  pdflatex - allowing known shell commands
2024-10-29 09:02:59,401+0700 FATAL pdflatex.core - Invalid interaction mode.
2024-10-29 09:02:59,401+0700 FATAL pdflatex.core - Data: interaction="nonstopmode -shell-escape"
2024-10-29 09:02:59,401+0700 FATAL pdflatex.core - Source: Libraries\MiKTeX\TeXAndFriends\texmfapp.cpp:444
2024-10-29 09:02:59,402+0700 FATAL pdflatex - Invalid interaction mode.
2024-10-29 09:02:59,402+0700 FATAL pdflatex - Info: interaction="nonstopmode -shell-escape"
2024-10-29 09:02:59,402+0700 FATAL pdflatex - Source: Libraries\MiKTeX\TeXAndFriends\texmfapp.cpp
2024-10-29 09:02:59,402+0700 FATAL pdflatex - Line: 444
2024-10-29 09:02:59,405+0700 INFO  pdflatex - this process (1692) finishes with exit code 1
2024-10-29 09:04:47,000+0700 INFO  pdflatex - this process (7036) started by python in directory D:\UNAIR\UNAIR SEMESTER 5\Pembangunan Perangkat Lunak PRAK\Project\git_thesis\media\tex_file with command line: "D:\UNAIR\UNAIR SEMESTER 5\Pembangunan Perangkat Lunak PRAK\Project\git_thesis\miktex_portable\texmfs\install\miktex\bin\x64\pdflatex.exe" "-interaction=nonstopmode -shell-escape" "D:\UNAIR\UNAIR SEMESTER 5\Pembangunan Perangkat Lunak PRAK\Project\git_thesis\media/tex_file\output_1730167486.tex"
2024-10-29 09:04:47,000+0700 INFO  pdflatex - running on Windows 10.0.19045
2024-10-29 09:04:47,005+0700 INFO  pdflatex - this is MiKTeX-PDFTEX 4.19.0 (1.40.26) (MiKTeX 24.4 Portable)
2024-10-29 09:04:47,011+0700 INFO  pdflatex - allowing known shell commands
2024-10-29 09:04:47,032+0700 FATAL pdflatex.core - Invalid interaction mode.
2024-10-29 09:04:47,032+0700 FATAL pdflatex.core - Data: interaction="nonstopmode -shell-escape"
2024-10-29 09:04:47,033+0700 FATAL pdflatex.core - Source: Libraries\MiKTeX\TeXAndFriends\texmfapp.cpp:444
2024-10-29 09:04:47,033+0700 FATAL pdflatex - Invalid interaction mode.
2024-10-29 09:04:47,033+0700 FATAL pdflatex - Info: interaction="nonstopmode -shell-escape"
2024-10-29 09:04:47,033+0700 FATAL pdflatex - Source: Libraries\MiKTeX\TeXAndFriends\texmfapp.cpp
2024-10-29 09:04:47,033+0700 FATAL pdflatex - Line: 444
2024-10-29 09:04:47,036+0700 INFO  pdflatex - this process (7036) finishes with exit code 1
2024-10-29 09:07:52,690+0700 INFO  pdflatex - this process (6068) started by python in directory D:\UNAIR\UNAIR SEMESTER 5\Pembangunan Perangkat Lunak PRAK\Project\git_thesis\media\tex_file with command line: "D:\UNAIR\UNAIR SEMESTER 5\Pembangunan Perangkat Lunak PRAK\Project\git_thesis\miktex_portable\texmfs\install\miktex\bin\x64\pdflatex.exe" "-interaction=nonstopmode -shell-escape" "D:\UNAIR\UNAIR SEMESTER 5\Pembangunan Perangkat Lunak PRAK\Project\git_thesis\media/tex_file\output_1730167672.tex"
2024-10-29 09:07:52,690+0700 INFO  pdflatex - running on Windows 10.0.19045
2024-10-29 09:07:52,694+0700 INFO  pdflatex - this is MiKTeX-PDFTEX 4.19.0 (1.40.26) (MiKTeX 24.4 Portable)
2024-10-29 09:07:52,699+0700 INFO  pdflatex - allowing known shell commands
2024-10-29 09:07:52,715+0700 FATAL pdflatex.core - Invalid interaction mode.
2024-10-29 09:07:52,715+0700 FATAL pdflatex.core - Data: interaction="nonstopmode -shell-escape"
2024-10-29 09:07:52,715+0700 FATAL pdflatex.core - Source: Libraries\MiKTeX\TeXAndFriends\texmfapp.cpp:444
2024-10-29 09:07:52,715+0700 FATAL pdflatex - Invalid interaction mode.
2024-10-29 09:07:52,715+0700 FATAL pdflatex - Info: interaction="nonstopmode -shell-escape"
2024-10-29 09:07:52,715+0700 FATAL pdflatex - Source: Libraries\MiKTeX\TeXAndFriends\texmfapp.cpp
2024-10-29 09:07:52,715+0700 FATAL pdflatex - Line: 444
2024-10-29 09:07:52,718+0700 INFO  pdflatex - this process (6068) finishes with exit code 1
2024-10-29 09:10:27,685+0700 INFO  pdflatex - this process (8656) started by python in directory D:\UNAIR\UNAIR SEMESTER 5\Pembangunan Perangkat Lunak PRAK\Project\git_thesis\media\tex_file with command line: "D:\UNAIR\UNAIR SEMESTER 5\Pembangunan Perangkat Lunak PRAK\Project\git_thesis\miktex_portable\texmfs\install\miktex\bin\x64\pdflatex.exe" "-interaction=nonstopmode -shell-escape" "D:\UNAIR\UNAIR SEMESTER 5\Pembangunan Perangkat Lunak PRAK\Project\git_thesis\media/tex_file\output_1730167827.tex"
2024-10-29 09:10:27,685+0700 INFO  pdflatex - running on Windows 10.0.19045
2024-10-29 09:10:27,691+0700 INFO  pdflatex - this is MiKTeX-PDFTEX 4.19.0 (1.40.26) (MiKTeX 24.4 Portable)
2024-10-29 09:10:27,696+0700 INFO  pdflatex - allowing known shell commands
2024-10-29 09:10:27,715+0700 FATAL pdflatex.core - Invalid interaction mode.
2024-10-29 09:10:27,715+0700 FATAL pdflatex.core - Data: interaction="nonstopmode -shell-escape"
2024-10-29 09:10:27,715+0700 FATAL pdflatex.core - Source: Libraries\MiKTeX\TeXAndFriends\texmfapp.cpp:444
2024-10-29 09:10:27,716+0700 FATAL pdflatex - Invalid interaction mode.
2024-10-29 09:10:27,716+0700 FATAL pdflatex - Info: interaction="nonstopmode -shell-escape"
2024-10-29 09:10:27,716+0700 FATAL pdflatex - Source: Libraries\MiKTeX\TeXAndFriends\texmfapp.cpp
2024-10-29 09:10:27,716+0700 FATAL pdflatex - Line: 444
2024-10-29 09:10:27,719+0700 INFO  pdflatex - this process (8656) finishes with exit code 1
2024-10-29 09:12:19,023+0700 INFO  pdflatex - this process (6068) started by python in directory D:\UNAIR\UNAIR SEMESTER 5\Pembangunan Perangkat Lunak PRAK\Project\git_thesis\media\tex_file with command line: "D:\UNAIR\UNAIR SEMESTER 5\Pembangunan Perangkat Lunak PRAK\Project\git_thesis\miktex_portable\texmfs\install\miktex\bin\x64\pdflatex.exe" "-interaction=nonstopmode -shell-escape" "D:\UNAIR\UNAIR SEMESTER 5\Pembangunan Perangkat Lunak PRAK\Project\git_thesis\media/tex_file\output_1730167938.tex"
2024-10-29 09:12:19,024+0700 INFO  pdflatex - running on Windows 10.0.19045
2024-10-29 09:12:19,029+0700 INFO  pdflatex - this is MiKTeX-PDFTEX 4.19.0 (1.40.26) (MiKTeX 24.4 Portable)
2024-10-29 09:12:19,033+0700 INFO  pdflatex - allowing known shell commands
2024-10-29 09:12:19,048+0700 FATAL pdflatex.core - Invalid interaction mode.
2024-10-29 09:12:19,048+0700 FATAL pdflatex.core - Data: interaction="nonstopmode -shell-escape"
2024-10-29 09:12:19,048+0700 FATAL pdflatex.core - Source: Libraries\MiKTeX\TeXAndFriends\texmfapp.cpp:444
2024-10-29 09:12:19,048+0700 FATAL pdflatex - Invalid interaction mode.
2024-10-29 09:12:19,048+0700 FATAL pdflatex - Info: interaction="nonstopmode -shell-escape"
2024-10-29 09:12:19,048+0700 FATAL pdflatex - Source: Libraries\MiKTeX\TeXAndFriends\texmfapp.cpp
2024-10-29 09:12:19,048+0700 FATAL pdflatex - Line: 444
2024-10-29 09:12:19,050+0700 INFO  pdflatex - this process (6068) finishes with exit code 1
2024-10-29 09:21:37,894+0700 INFO  pdflatex - this process (10528) started by python in directory D:\UNAIR\UNAIR SEMESTER 5\Pembangunan Perangkat Lunak PRAK\Project\git_thesis\media\tex_file with command line: "D:\UNAIR\UNAIR SEMESTER 5\Pembangunan Perangkat Lunak PRAK\Project\git_thesis\miktex_portable\texmfs\install\miktex\bin\x64\pdflatex.exe" -interaction=nonstopmode -shell-escape "D:\UNAIR\UNAIR SEMESTER 5\Pembangunan Perangkat Lunak PRAK\Project\git_thesis\media/tex_file\output_1730168497.tex"
2024-10-29 09:21:37,894+0700 INFO  pdflatex - running on Windows 10.0.19045
2024-10-29 09:21:37,900+0700 INFO  pdflatex - this is MiKTeX-PDFTEX 4.19.0 (1.40.26) (MiKTeX 24.4 Portable)
2024-10-29 09:21:37,907+0700 INFO  pdflatex - allowing known shell commands
2024-10-29 09:21:37,922+0700 INFO  pdflatex - allowing all shell commands
2024-10-29 09:21:37,948+0700 INFO  pdflatex - going to create file: pdflatex.fmt
2024-10-29 09:21:37,949+0700 INFO  pdflatex.core - start process: miktex formats build pdflatex --engine pdftex
2024-10-29 09:21:58,927+0700 INFO  pdflatex - this process (10528) finishes with exit code 1
2024-10-29 09:22:09,349+0700 INFO  pdflatex - this process (12092) started by python in directory D:\UNAIR\UNAIR SEMESTER 5\Pembangunan Perangkat Lunak PRAK\Project\git_thesis\media\tex_file with command line: "D:\UNAIR\UNAIR SEMESTER 5\Pembangunan Perangkat Lunak PRAK\Project\git_thesis\miktex_portable\texmfs\install\miktex\bin\x64\pdflatex.exe" -interaction=nonstopmode -shell-escape "D:\UNAIR\UNAIR SEMESTER 5\Pembangunan Perangkat Lunak PRAK\Project\git_thesis\media/tex_file\output_1730168528.tex"
2024-10-29 09:22:09,350+0700 INFO  pdflatex - running on Windows 10.0.19045
2024-10-29 09:22:09,353+0700 INFO  pdflatex - this is MiKTeX-PDFTEX 4.19.0 (1.40.26) (MiKTeX 24.4 Portable)
2024-10-29 09:22:09,358+0700 INFO  pdflatex - allowing known shell commands
2024-10-29 09:22:09,373+0700 INFO  pdflatex - allowing all shell commands
2024-10-29 09:22:09,604+0700 INFO  pdflatex - this process (12092) finishes with exit code 1
2024-10-29 09:23:47,282+0700 INFO  pdflatex - this process (8516) started by python in directory D:\UNAIR\UNAIR SEMESTER 5\Pembangunan Perangkat Lunak PRAK\Project\git_thesis\media\tex_file with command line: "D:\UNAIR\UNAIR SEMESTER 5\Pembangunan Perangkat Lunak PRAK\Project\git_thesis\miktex_portable\texmfs\install\miktex\bin\x64\pdflatex.exe" -interaction=nonstopmode -shell-escape "D:\UNAIR\UNAIR SEMESTER 5\Pembangunan Perangkat Lunak PRAK\Project\git_thesis\media/tex_file\output_1730168626.tex"
2024-10-29 09:23:47,283+0700 INFO  pdflatex - running on Windows 10.0.19045
2024-10-29 09:23:47,287+0700 INFO  pdflatex - this is MiKTeX-PDFTEX 4.19.0 (1.40.26) (MiKTeX 24.4 Portable)
2024-10-29 09:23:47,295+0700 INFO  pdflatex - allowing known shell commands
2024-10-29 09:23:47,316+0700 INFO  pdflatex - allowing all shell commands
2024-10-29 09:23:47,546+0700 INFO  pdflatex - this process (8516) finishes with exit code 1
2024-10-29 09:36:52,254+0700 INFO  pdflatex - this process (9296) started by python in directory D:\UNAIR\UNAIR SEMESTER 5\Pembangunan Perangkat Lunak PRAK\Project\git_thesis\media\tex_file with command line: "D:\UNAIR\UNAIR SEMESTER 5\Pembangunan Perangkat Lunak PRAK\Project\git_thesis\miktex_portable\texmfs\install\miktex\bin\x64\pdflatex.exe" -interaction=nonstopmode -shell-escape "D:\UNAIR\UNAIR SEMESTER 5\Pembangunan Perangkat Lunak PRAK\Project\git_thesis\media/tex_file\output_1730169411.tex"
2024-10-29 09:36:52,254+0700 INFO  pdflatex - running on Windows 10.0.19045
2024-10-29 09:36:52,259+0700 INFO  pdflatex - this is MiKTeX-PDFTEX 4.19.0 (1.40.26) (MiKTeX 24.4 Portable)
2024-10-29 09:36:52,266+0700 INFO  pdflatex - allowing known shell commands
2024-10-29 09:36:52,286+0700 INFO  pdflatex - allowing all shell commands
2024-10-29 09:36:52,516+0700 INFO  pdflatex - this process (9296) finishes with exit code 1
2024-10-29 09:37:02,572+0700 INFO  pdflatex - this process (8648) started by python in directory D:\UNAIR\UNAIR SEMESTER 5\Pembangunan Perangkat Lunak PRAK\Project\git_thesis\media\tex_file with command line: "D:\UNAIR\UNAIR SEMESTER 5\Pembangunan Perangkat Lunak PRAK\Project\git_thesis\miktex_portable\texmfs\install\miktex\bin\x64\pdflatex.exe" -interaction=nonstopmode -shell-escape "D:\UNAIR\UNAIR SEMESTER 5\Pembangunan Perangkat Lunak PRAK\Project\git_thesis\media/tex_file\output_1730169422.tex"
2024-10-29 09:37:02,572+0700 INFO  pdflatex - running on Windows 10.0.19045
2024-10-29 09:37:02,576+0700 INFO  pdflatex - this is MiKTeX-PDFTEX 4.19.0 (1.40.26) (MiKTeX 24.4 Portable)
2024-10-29 09:37:02,581+0700 INFO  pdflatex - allowing known shell commands
2024-10-29 09:37:02,596+0700 INFO  pdflatex - allowing all shell commands
2024-10-29 09:37:02,805+0700 INFO  pdflatex - this process (8648) finishes with exit code 1
2024-10-29 09:50:46,772+0700 INFO  pdflatex - this process (14272) started by python in directory D:\UNAIR\UNAIR SEMESTER 5\Pembangunan Perangkat Lunak PRAK\Project\git_thesis\media\tex_file with command line: "D:\UNAIR\UNAIR SEMESTER 5\Pembangunan Perangkat Lunak PRAK\Project\git_thesis\miktex_portable\texmfs\install\miktex\bin\x64\pdflatex.exe" -interaction=nonstopmode -shell-escape "D:\UNAIR\UNAIR SEMESTER 5\Pembangunan Perangkat Lunak PRAK\Project\git_thesis\media/tex_file\output_1730170246.tex"
2024-10-29 09:50:46,772+0700 INFO  pdflatex - running on Windows 10.0.19045
2024-10-29 09:50:46,776+0700 INFO  pdflatex - this is MiKTeX-PDFTEX 4.19.0 (1.40.26) (MiKTeX 24.4 Portable)
2024-10-29 09:50:46,779+0700 INFO  pdflatex - allowing known shell commands
2024-10-29 09:50:46,789+0700 INFO  pdflatex - allowing all shell commands
2024-10-29 09:50:46,920+0700 INFO  pdflatex - this process (14272) finishes with exit code 1
2024-10-29 10:07:06,789+0700 INFO  pdflatex - this process (2768) started by python in directory D:\UNAIR\UNAIR SEMESTER 5\Pembangunan Perangkat Lunak PRAK\Project\git_thesis\media\tex_file with command line: "D:\UNAIR\UNAIR SEMESTER 5\Pembangunan Perangkat Lunak PRAK\Project\git_thesis\miktex_portable\texmfs\install\miktex\bin\x64\pdflatex.exe" -interaction=nonstopmode -shell-escape "D:\UNAIR\UNAIR SEMESTER 5\Pembangunan Perangkat Lunak PRAK\Project\git_thesis\media/tex_file\a_1730171225.tex"
2024-10-29 10:07:06,789+0700 INFO  pdflatex - running on Windows 10.0.19045
2024-10-29 10:07:06,791+0700 INFO  pdflatex - this is MiKTeX-PDFTEX 4.19.0 (1.40.26) (MiKTeX 24.4 Portable)
2024-10-29 10:07:06,794+0700 INFO  pdflatex - allowing known shell commands
2024-10-29 10:07:06,804+0700 INFO  pdflatex - allowing all shell commands
2024-10-29 10:07:06,934+0700 INFO  pdflatex - this process (2768) finishes with exit code 1
2024-10-29 10:07:13,931+0700 INFO  pdflatex - this process (4420) started by python in directory D:\UNAIR\UNAIR SEMESTER 5\Pembangunan Perangkat Lunak PRAK\Project\git_thesis\media\tex_file with command line: "D:\UNAIR\UNAIR SEMESTER 5\Pembangunan Perangkat Lunak PRAK\Project\git_thesis\miktex_portable\texmfs\install\miktex\bin\x64\pdflatex.exe" -interaction=nonstopmode -shell-escape "D:\UNAIR\UNAIR SEMESTER 5\Pembangunan Perangkat Lunak PRAK\Project\git_thesis\media/tex_file\a_1730171233.tex"
2024-10-29 10:07:13,932+0700 INFO  pdflatex - running on Windows 10.0.19045
2024-10-29 10:07:13,934+0700 INFO  pdflatex - this is MiKTeX-PDFTEX 4.19.0 (1.40.26) (MiKTeX 24.4 Portable)
2024-10-29 10:07:13,936+0700 INFO  pdflatex - allowing known shell commands
2024-10-29 10:07:13,946+0700 INFO  pdflatex - allowing all shell commands
2024-10-29 10:07:14,069+0700 INFO  pdflatex - this process (4420) finishes with exit code 1
2024-10-29 10:07:18,954+0700 INFO  pdflatex - this process (10372) started by python in directory D:\UNAIR\UNAIR SEMESTER 5\Pembangunan Perangkat Lunak PRAK\Project\git_thesis\media\tex_file with command line: "D:\UNAIR\UNAIR SEMESTER 5\Pembangunan Perangkat Lunak PRAK\Project\git_thesis\miktex_portable\texmfs\install\miktex\bin\x64\pdflatex.exe" -interaction=nonstopmode -shell-escape "D:\UNAIR\UNAIR SEMESTER 5\Pembangunan Perangkat Lunak PRAK\Project\git_thesis\media/tex_file\a_1730171238.tex"
2024-10-29 10:07:18,954+0700 INFO  pdflatex - running on Windows 10.0.19045
2024-10-29 10:07:18,957+0700 INFO  pdflatex - this is MiKTeX-PDFTEX 4.19.0 (1.40.26) (MiKTeX 24.4 Portable)
2024-10-29 10:07:18,960+0700 INFO  pdflatex - allowing known shell commands
2024-10-29 10:07:18,971+0700 INFO  pdflatex - allowing all shell commands
2024-10-29 10:07:19,121+0700 INFO  pdflatex - this process (10372) finishes with exit code 1
2024-10-29 10:07:47,677+0700 INFO  pdflatex - this process (3236) started by python in directory D:\UNAIR\UNAIR SEMESTER 5\Pembangunan Perangkat Lunak PRAK\Project\git_thesis\media\tex_file with command line: "D:\UNAIR\UNAIR SEMESTER 5\Pembangunan Perangkat Lunak PRAK\Project\git_thesis\miktex_portable\texmfs\install\miktex\bin\x64\pdflatex.exe" -interaction=nonstopmode -shell-escape "D:\UNAIR\UNAIR SEMESTER 5\Pembangunan Perangkat Lunak PRAK\Project\git_thesis\media/tex_file\Justifying and Planning the Data Visualization and Data Mining Project_1730171267.tex"
2024-10-29 10:07:47,677+0700 INFO  pdflatex - running on Windows 10.0.19045
2024-10-29 10:07:47,680+0700 INFO  pdflatex - this is MiKTeX-PDFTEX 4.19.0 (1.40.26) (MiKTeX 24.4 Portable)
2024-10-29 10:07:47,683+0700 INFO  pdflatex - allowing known shell commands
2024-10-29 10:07:47,694+0700 INFO  pdflatex - allowing all shell commands
2024-10-29 10:07:47,824+0700 INFO  pdflatex - this process (3236) finishes with exit code 1
